<?xml version="1.0" encoding="UTF-8"?>
<testng-results ignored="0" total="1" passed="1" failed="0" skipped="0">
  <reporter-output>
  </reporter-output>
  <suite started-at="2023-03-08T19:25:45 IST" name="Default suite" finished-at="2023-03-08T19:26:30 IST" duration-ms="44542">
    <groups>
    </groups>
    <test started-at="2023-03-08T19:25:45 IST" name="Default test" finished-at="2023-03-08T19:26:30 IST" duration-ms="44542">
      <class name="scipts.Testcase3">
        <test-method is-config="true" signature="openApp()[pri:0, instance:scipts.Testcase3@5e82df6a]" started-at="2023-03-08T19:25:45 IST" name="openApp" finished-at="2023-03-08T19:25:49 IST" duration-ms="4290" status="PASS">
          <reporter-output>
          </reporter-output>
        </test-method> <!-- openApp -->
        <test-method signature="tc3()[pri:0, instance:scipts.Testcase3@5e82df6a]" started-at="2023-03-08T19:25:49 IST" name="tc3" finished-at="2023-03-08T19:26:29 IST" duration-ms="39935" status="PASS">
          <reporter-output>
          </reporter-output>
        </test-method> <!-- tc3 -->
        <test-method is-config="true" signature="closeApp(org.testng.ITestResult)[pri:0, instance:scipts.Testcase3@5e82df6a]" started-at="2023-03-08T19:26:29 IST" name="closeApp" finished-at="2023-03-08T19:26:30 IST" duration-ms="256" status="PASS">
          <params>
            <param index="0">
              <value>
                <![CDATA[[TestResult name=tc3 status=SUCCESS method=Testcase3.tc3()[pri:0, instance:scipts.Testcase3@5e82df6a] output={null}]]]>
              </value>
            </param>
          </params>
          <reporter-output>
          </reporter-output>
        </test-method> <!-- closeApp -->
      </class> <!-- scipts.Testcase3 -->
    </test> <!-- Default test -->
  </suite> <!-- Default suite -->
</testng-results>
